Determining if the pthread_create exist failed with the following output:
Change Dir: /home/ej/Udacity/SFND_Lidar_Obstacle_Detection/src/quiz/ransac/build/CMakeFiles/CMakeTmp

Run Build Command:"/usr/bin/make" "cmTC_21f1f/fast"
/usr/bin/make -f CMakeFiles/cmTC_21f1f.dir/build.make CMakeFiles/cmTC_21f1f.dir/build
make[1]: 디렉터리 '/home/ej/Udacity/SFND_Lidar_Obstacle_Detection/src/quiz/ransac/build/CMakeFiles/CMakeTmp' 들어감
Building C object CMakeFiles/cmTC_21f1f.dir/CheckSymbolExists.c.o
/usr/bin/cc    -o CMakeFiles/cmTC_21f1f.dir/CheckSymbolExists.c.o   -c /home/ej/Udacity/SFND_Lidar_Obstacle_Detection/src/quiz/ransac/build/CMakeFiles/CMakeTmp/CheckSymbolExists.c
Linking C executable cmTC_21f1f
/usr/bin/cmake -E cmake_link_script CMakeFiles/cmTC_21f1f.dir/link.txt --verbose=1
/usr/bin/cc      -rdynamic CMakeFiles/cmTC_21f1f.dir/CheckSymbolExists.c.o  -o cmTC_21f1f 
CMakeFiles/cmTC_21f1f.dir/CheckSymbolExists.c.o: In function `main':
CheckSymbolExists.c:(.text+0x1b): undefined reference to `pthread_create'
collect2: error: ld returned 1 exit status
CMakeFiles/cmTC_21f1f.dir/build.make:97: recipe for target 'cmTC_21f1f' failed
make[1]: *** [cmTC_21f1f] Error 1
make[1]: 디렉터리 '/home/ej/Udacity/SFND_Lidar_Obstacle_Detection/src/quiz/ransac/build/CMakeFiles/CMakeTmp' 나감
Makefile:126: recipe for target 'cmTC_21f1f/fast' failed
make: *** [cmTC_21f1f/fast] Error 2

File /home/ej/Udacity/SFND_Lidar_Obstacle_Detection/src/quiz/ransac/build/CMakeFiles/CMakeTmp/CheckSymbolExists.c:
/* */
#include <pthread.h>

int main(int argc, char** argv)
{
  (void)argv;
#ifndef pthread_create
  return ((int*)(&pthread_create))[argc];
#else
  (void)argc;
  return 0;
#endif
}

Determining if the function pthread_create exists in the pthreads failed with the following output:
Change Dir: /home/ej/Udacity/SFND_Lidar_Obstacle_Detection/src/quiz/ransac/build/CMakeFiles/CMakeTmp

Run Build Command:"/usr/bin/make" "cmTC_92eaa/fast"
/usr/bin/make -f CMakeFiles/cmTC_92eaa.dir/build.make CMakeFiles/cmTC_92eaa.dir/build
make[1]: 디렉터리 '/home/ej/Udacity/SFND_Lidar_Obstacle_Detection/src/quiz/ransac/build/CMakeFiles/CMakeTmp' 들어감
Building C object CMakeFiles/cmTC_92eaa.dir/CheckFunctionExists.c.o
/usr/bin/cc   -DCHECK_FUNCTION_EXISTS=pthread_create   -o CMakeFiles/cmTC_92eaa.dir/CheckFunctionExists.c.o   -c /usr/share/cmake-3.10/Modules/CheckFunctionExists.c
Linking C executable cmTC_92eaa
/usr/bin/cmake -E cmake_link_script CMakeFiles/cmTC_92eaa.dir/link.txt --verbose=1
/usr/bin/cc  -DCHECK_FUNCTION_EXISTS=pthread_create    -rdynamic CMakeFiles/cmTC_92eaa.dir/CheckFunctionExists.c.o  -o cmTC_92eaa -lpthreads 
/usr/bin/ld: cannot find -lpthreads
collect2: error: ld returned 1 exit status
CMakeFiles/cmTC_92eaa.dir/build.make:97: recipe for target 'cmTC_92eaa' failed
make[1]: *** [cmTC_92eaa] Error 1
make[1]: 디렉터리 '/home/ej/Udacity/SFND_Lidar_Obstacle_Detection/src/quiz/ransac/build/CMakeFiles/CMakeTmp' 나감
Makefile:126: recipe for target 'cmTC_92eaa/fast' failed
make: *** [cmTC_92eaa/fast] Error 2


